
> server@1.0.0 start /root/SandboxALE-AAPP_2019/server
> node_modules/nodemon/bin/nodemon.js src/app.js --exec 'npm run lint && node'

[33m[nodemon] 1.18.10[39m
[33m[nodemon] to restart at any time, enter `rs`[39m
[33m[nodemon] watching: *.*[39m
[32m[nodemon] starting `npm run lint && node src/app.js`[39m
events.js:174
      throw er; // Unhandled 'error' event
      ^

Error: EBADF: bad file descriptor, read
Emitted 'error' event at:
    at lazyFs.read (internal/fs/streams.js:165:12)
    at FSReqWrap.wrapper [as oncomplete] (fs.js:467:17)
npm ERR! code ELIFECYCLE
npm ERR! errno 1
npm ERR! server@1.0.0 start: `node_modules/nodemon/bin/nodemon.js src/app.js --exec 'npm run lint && node'`
npm ERR! Exit status 1
npm ERR! 
npm ERR! Failed at the server@1.0.0 start script.
npm ERR! This is probably not a problem with npm. There is likely additional logging output above.

npm ERR! A complete log of this run can be found in:
npm ERR!     /root/.npm/_logs/2019-07-01T13_25_20_696Z-debug.log

> server@1.0.0 lint /root/SandboxALE-AAPP_2019/server
> true || node_modules/.bin/eslint "**/*.js"

